[  0.000000] Linu verio4.150-6-generic (buildd@lw0-amd6404) (gc rsio 7.0 (Ubnt7.4.0-ubntu1~18.4.)) #75Ubntu SMP Tue Oct 1 05:24:09 UTC 2019 (Ubuntu 4.15.0-66.75-generic 4.15.18)
[    0.000000] Command line: BOOT_IMAGE=/boot/vmlinuz-4.15.0-66-generic root=UUID=1f736b6f-1f72-404f-b646-22a765a221c8 ro console=tty1 console=ttyS0
[    0.000000] KERNEL supported cpus:
[    0.000000]   Intel GenuineIntel
[    0.000000]   AMD AuthenticAMD
[    0.000000]   Centaur CentaurHauls
[    0.000000] x86/fpu: Supporting XSAVE feature 0x001: 'x87 floating point registers'
[    0.000000] x86/fpu: Supporting XSAVE feature 0x002: 'SSE registers'
[    0.000000] x86/fpu: Supporting XSAVE feature 0x004: 'AVX registers'
[    0.000000] x86/fpu: xstate_offset[2]:  576, xstate_sizes[2]:  256
[    0.000000] x86/fpu: Enabled xstate features 0x7, context size is 832 bytes, using 'standard' format.
[    0.000000] e820: BIOS-provided physical RAM map:
[    0.000000] BIOS-e820: [mem 0x0000000000000000-0x000000000009fbff] usable
[    0.000000] BIOS-e820: [mem 0x000000000009fc00-0x000000000009ffff] reserved
[    0.000000] BIOS-e820: [mem 0x00000000000f0000-0x00000000000fffff] reserved
[    0.000000] BIOS-e820: [mem 0x0000000000100000-0x000000003ffeffff] usable
[    0.000000] BIOS-e820: [mem 0x000000003fff0000-0x000000003fffffff] ACPI data
[    0.000000] BIOS-e820: [mem 0x00000000fec00000-0x00000000fec00fff] reserved
[    0.000000] BIOS-e820: [mem 0x00000000fee00000-0x00000000fee00fff] reserved
[    0.000000] BIOS-e820: [mem 0x00000000fffc0000-0x00000000ffffffff] reserved
[    0.000000] NX (Execute Disable) protection: active
[    0.000000] SMBIOS 2.5 present.
[    0.000000] DMI: innotek GmbH VirtualBox/VirtualBox, BIOS VirtualBox 12/01/2006
[    0.000000] Hypervisor detected: KVM
[    0.000000] e820: last_pfn = 0x3fff0 max_arch_pfn = 0x400000000
[    0.000000] MTRR: Disabled
[    0.000000] x86/PAT: MTRRs disabled, skipping PAT initialization too.
[    0.000000] CPU MTRRs all blank - virtualized system.
[    0.000000] x86/PAT: Configuration [0-7]: WB  WT  UC- UC  WB  WT  UC- UC  
[    0.000000] found SMP MP-table at [mem 0x0009fff0-0x0009ffff]
[    0.000000] Scanning 1 areas for low memory corruption
[    0.000000] RAMDISK: [mem 0x35931000-0x36c8ffff]
[    0.000000] ACPI: Early table checksum verification disabled
[    0.000000] ACPI: RSDP 0x00000000000E0000 000024 (v02 VBOX  )
[    0.000000] ACPI:XS 0x000003FFF0300003C(v VBOX  VOXXSDT000001AS 0000001)
[    0.000000 ACPI: FACP 0x000000FF0F0 000F(v04 VOX  VBOXFACP 000000AS  00001)
  0.00000]CPI:DS 0x000000003FFF0470 0021FF (v02 VBOX   VBOXBIOS 000000002 INTL 20100528)
[    0.000000] ACPI: FACS 0x000000003FFF0200 000040
[    0.000000] ACPI: FACS 0x000000003FFF0200 000040
[    0.000000] ACPI: APIC 0x000000003FFF0240 00005C (v02 VBOX   VBOXAPIC 00000001 ASL  00000061)
[    0.000000] ACPI: SSDT 0x000000003FFF02A0 0001CC (v01 VBOX   VBOXCPUT 00000002 INTL 20100528)
[    0.000000] No NUMA configuration found
[    0.000000] Faking a node at [mem 0x0000000000000000-0x000000003ffeffff]
[    0.000000] NODE_DATA(0) allocated [mem 0x3ffc5000-0x3ffeffff]
[    0.000000] kvm-clock: cpu 0, msr 0:3ff44001, primary cpu clock
[    0.000000] kvm-clock: Using msrs 4b564d01 and 4b564d00
[    0.000000] kvm-clock: using sched offset of 3759345978 cycles
[    0.000000] clocksource: kvm-clock: mask: 0xffffffffffffffff max_cycles: 0x1cd42e4dffb, max_idle_ns: 881590591483 ns
[    0.000000] Zone ranges:
[    0.000000]   DMA      [mem 0x0000000000001000-0x0000000000ffffff]
[    0.000000]   DMA32    [mem 0x0000000001000000-0x000000003ffeffff]
[    0.000000]   Normal   empty
[    0.000000]   Device   empty
[    0.000000] Movable zone start for each node
[    0.000000] Early memory node ranges
[    0.000000]   node   0: [mem 0x0000000000001000-0x000000000009efff]
[    0.000000]   node   0: [mem 0x0000000000100000-0x000000003ffeffff]
[    0.000000] Reserved but unavailable: 98 pages
[    0.000000] Initmem setup node 0 [mem 0x0000000000001000-0x000000003ffeffff]
[    0.000000] ACPI: PM-Timer IO Port: 0x4008
[    0.000000] IOAPIC[0]: apic_id 2, version 32, address 0xfec00000, GSI 0-23
[    0.000000] ACPI: INT_SRC_OVR (bus 0 bus_irq 0 global_irq 2 dfl dfl)
[    0.000000] ACPI: INT_SRC_OVR (bus 0 bus_irq 9 global_irq 9 low level)
[    0.000000] Using ACPI (MADT) for SMP configuration information
[    0.000000] smpboot: Allowing 2 CPUs, 0 hotplug CPUs
[    0.000000] PM: Registered nosave memory: [mem 0x00000000-0x00000fff]
[    0.000000] PM: Registered nosave memory: [mem 0x0009f000-0x0009ffff]
[    0.000000] PM: Registered nosave memory: [mem 0x000a0000-0x000effff]
[    0.000000] PM: Registered nosave memory: [mem 0x000f0000-0x000fffff]
[    0.000000] e820: [mem 0x40000000-0xfebfffff] available for PCI devices
[    0.000000] Booting paravirtualized kernel on KVM
[    0.000000] clocksource: refined-jiffies: mask: 0xffffffff max_cycles: 0xffffffff, max_idle_ns: 7645519600211568 ns
[    0.000000] random: get_random_bytes called from start_kernel+0x99/0x4fd with crng_init=0
    0.0000] setp_rcpu NCPUS81 nr_pusk_bits:2 nr_cu_ids:2 nr_node_ids:1
[    .00000] erpu: mbded 46pas/cp s1552 r812 8672 u0457
   0.000] PV pilock hash tbl entries: 256 (orr:0, 496byte)
[    0.000000] Built 1 zonelists, mobility grouping on.  Total pages: 257913
[    0.000000] Policy zone: DMA32
[    0.000000] Kernel command line: BOOT_IMAGE=/boot/vmlinuz-4.15.0-66-generic root=UUID=1f736b6f-1f72-404f-b646-22a765a221c8 ro console=tty1 console=ttyS0
[    0.000000] Memory: 982744K/1048120K available (12300K kernel code, 2481K rwdata, 4260K rodata, 2436K init, 2388K bss, 65376K reserved, 0K cma-reserved)
[    0.000000] SLUB: HWalign=64, Order=0-3, MinObjects=0, CPUs=2, Nodes=1
[    0.000000] Kernel/User page tables isolation: enabled
[    0.000000] ftrace: allocating 39306 entris in 154 pags
[  000400]ierarcic RCUimementation.
[    0.00400] 	CUestricting CPU from NR_CPU=8192 to nr_cp_ids2.
[    0.0400] 	Tasks RCU enbled.
[  0.00400RCU:Adsting eotry orcu_fanot_leaf=16 nr_cpu_ids=2
[    0.004000] N_IRQS: 524544, nr_irqs: 440, preallocated irqs: 16
[    0.004000] Console: colour VGA+ 80x25
[    0.004000] console [tty1] enabled
[    0.004000] console[ttyS eabld[   0.4000] ACPI: Core evisio 2017031
[    0.00400] API2 ACI L tabls ccesfuy acqureand oad
[  0004000] APIC: Switch to symmetric I/O mode setup
[    0.004220] x2apic enabled
[    0.008006] Switched APIC routing to physical x2apic.
[    0.012800] ..TIMER: vector=0x30 apic1=0 pin1=2 apic2=-1 pin2=-1
[    0.016005] tsc: Detected 2207.998 MHz processor
[    0.020011] Calibrating delay loop (skipped) preset value.. 4415.99 BogoMIPS (lpj=8831992)
[    0.024004] pid_max: default: 32768 minimum: 301
[    0.025213] Security Framework initialized
[    0.026226] Yama: becoming mindful.
[    0.028027] AppArmor: AppArmor initialized
[    0.030463] Dentry cache hash table entries: 131072 (order: 8, 1048576 bytes)
[    0.032056] Inode-cache hash table entries: 65536 (order: 7, 524288 bytes)
[    0.033620] Mount-cache hash table entries: 2048 (order: 2, 16384 bytes)
[    0.034987] Mountpoint-cache hash table entries: 2048 (order: 2, 16384 bytes)
[    0.036200] Last level iTLB entries: 4KB 64, 2MB 8, 4MB 8
[    0.037342] Last level dTLB entries: 4KB 64, 2MB 0, 4MB 0, 1GB 4
[    0.038593] Spectre V1 : Mitigation: usercopy/swapgs barriers and __user pointer sanitization
[    0.040003] Spectre V2 : Mitigation: Full generic retpoline
[    0.041187] Spectre V2 : Spectre v2 / SpectreRSB mitigation: Filling RSB on context switch
[    0.044002] Speculative Store Bypass: Vulnerable
[    0.045034] MDS: Mitigation: Clear CPU buffers
[    0.046169] Freeing SMP alternatives memory: 36K
[    0.157067] smpboot: CPU0: Intel(R) Core(TM) i7-8750H CPU @ 2.20GHz (family: 0x6, model: 0x9e, stepping: 0xa)
[    0.160073] Performance Events: unsupported p6 CPU model 158 no PMU driver, software events only.
[    0.164051] Hierarchical SRCU implementation.
[    0.168468] NMI watchdog: Perf event create on CPU 0 failed with -2
[    0.172004] NMI watchdog: Perf NMI watchdog permanently disabled
[    0.176064] smp: Bringing up secondary CPUs ...
[    0.180094] x86: Booting SMP configuration:
[    0.184005] .... node  #0, CPUs:      #1
[    0.004000] kvm-clock: cpu 1, msr 0:3ff44041, secondary cpu clock
[    0.404021] smp: Brought up 1 node, 2 CPUs
[    0.408008] smpboot: Max logical packages: 1
[    0.409053] smpboot: Total of 2 processors activated (8831.99 BogoMIPS)
[    0.412116] devtmpfs: initialized
[    0.412860] x86/mm: Memory block size: 128MB
[    0.416118] evm: security.selinux
[    0.416965] evm: security.SMACK64
[    0.417887] evm: security.SMACK64EXEC
[    0.420006] evm: security.SMACK64TRANSMUTE
[    0.424003] evm: security.SMACK64MMAP
[    0.424799] evm: security.apparmor
[    0.425608] evm: security.ima
[    0.426278] evm: security.capability
[    0.428097] clocksource: jiffies: mask: 0xffffffff max_cycles: 0xffffffff, max_idle_ns: 7645041785100000 ns
[    0.430072] futex hash table entries: 512 (order: 3, 32768 bytes)
[    0.432021] pinctrl core: initialized pinctrl subsystem
[    0.433273] RTC time:  3:11:54, date: 11/08/19
[    0.434345] NET: Registered protocol family 16
[    0.436059] audit: initializing netlink subsys (disabled)
[    0.437233] audit: type=2000 audit(1573182714.524:1): state=initialized audit_enabled=0 res=1
[    0.437851] cpuidle: using governor ladder
[    0.440007] cpuidle: using governor menu
[    0.440926] ACPI: bus type PCI registered
[    0.441821] acpiphp: ACPI Hot Plug PCI Controller Driver version: 0.5
[    0.443266] PCI: Using configuration type 1 for base access
[    0.444746] HugeTLB registered 2.00 MiB page size, pre-allocated 0 pages
[    0.445463] ACPI: Added _OSI(Module Device)
[    0.448008] ACPI: Added _OSI(Processor Device)
[    0.448990] ACPI: Added _OSI(3.0 _SCP Extensions)
[    0.450018] ACPI: Added _OSI(Processor Aggregator Device)
[    0.451249] ACPI: Added _OSI(Linux-Dell-Video)
[    0.452004] ACPI: Added _OSI(Linux-Lenovo-NV-HDMI-Audio)
[    0.452990] ACPI: Added _OSI(Linux-HPI-Hybrid-Graphics)
[    0.454288] ACPI: Executed 1 blocks of module-level executable AML code
[    0.460438] ACPI: Interpreter enabled
[    0.464021] ACPI: (supports S0 S5)
[    0.468004] ACPI: Using IOAPIC for interrupt routing
[    0.472206] PCI: Using host bridge windows from ACPI; if necessary, use "pci=nocrs" and report a bug
[    0.476200] ACPI: Enabled 2 GPEs in block 00 to 07
[    0.487289] ACPI: PCI Root Bridge [PCI0] (domain 0000 [bus 00-ff])
[    0.488015] acpi PNP0A03:00: _OSC: OS supports [ASPM ClockPM Segments MSI]
[    0.492038] acpi PNP0A03:00: _OSC: not requesting OS control; OS requires [ExtendedConfig ASPM ClockPM MSI]
[    0.494930] acpi PNP0A03:00: fail to add MMCONFIG information, can't access extended PCI configuration space under this bridge.
[    0.496405] PCI host bridge to bus 0000:00
[    0.497302] pci_bus 0000:00: root bus resource [io  0x0000-0x0cf7 window]
[    0.500004] pci_bus 0000:00: root bus resource [io  0x0d00-0xffff window]
[    0.502570] pci_bus 0000:00: root bus resource [mem 0x000a0000-0x000bffff window]
[    0.504004] pci_bus 0000:00: root bus resource [mem 0x40000000-0xfdffffff window]
[    0.505819] pci_bus 0000:00: root bus resource [bus 00-ff]
[    0.510474] pci 0000:00:01.1: legacy IDE quirk: reg 0x10: [io  0x01f0-0x01f7]
[    0.512003] pci 0000:00:01.1: legacy IDE quirk: reg 0x14: [io  0x03f6]
[    0.513344] pci 0000:00:01.1: legacy IDE quirk: reg 0x18: [io  0x0170-0x0177]
[    0.516004] pci 0000:00:01.1: legacy IDE quirk: reg 0x1c: [io  0x0376]
[    0.535384] pci 0000:00:07.0: quirk: [io  0x4000-0x403f] claimed by PIIX4 ACPI
[    0.536076] pci 0000:00:07.0: quirk: [io  0x4100-0x410f] claimed by PIIX4 SMB
[    0.550271] ACPI: PCI Interrupt Link [LNKA] (IRQs 5 9 10 *11)
[    0.552352] ACPI: PCI Interrupt Link [LNKB] (IRQs 5 9 *10 11)
[    0.553980] ACPI: PCI Interrupt Link [LNKC] (IRQs 5 *9 10 11)
[    0.555659] ACPI: PCI Interrupt Link [LNKD] (IRQs 5 9 10 *11)
[    0.556403] SCSI subsystem initialized
[    0.557355] pci 0000:00:02.0: vgaarb: setting as boot VGA device
[    0.557396] pci 0000:00:02.0: vgaarb: VGA device added: decodes=io+mem,owns=io+mem,locks=none
[    0.560010] pci 0000:00:02.0: vgaarb: bridge control possible
[    0.561155] vgaarb: loaded
[    0.561770] ACPI: bus type USB registered
[    0.564141] usbcore: registered new interface driver usbfs
[    0.568087] usbcore: registered new interface driver hub
[    0.572029] usbcore: registered new device driver usb
[    0.576072] EDAC MC: Ver: 3.0.0
[    0.577001] PCI: Using ACPI for IRQ routing
[    0.580317] NetLabel: Initializing
[    0.584002] NetLabel:  domain hash size = 128
[    0.584872] NetLabel:  protocols = UNLABELED CIPSOv4 CALIPSO
[    0.586003] NetLabel:  unlabeled traffic allowed by default
[    0.588085] clocksource: Switched to clocksource kvm-clock
[    0.600118] VFS: Disk quotas dquot_6.6.0
[    0.606262] VFS: Dquot-cache hash table entries: 512 (order 0, 4096 bytes)
[    0.608300] Apprm: pAorilesyteEnabd  0.09] p: PnPACPI init
[    1.172731] pnp: PnP ACPI: found  3 devices
[    1.18922] clocksource: acpi_pm: mask: 0xffffff max_cycles: 0xffffff, max_idle_ns: 2085701024 ns
[    1.206184] NET: Registered protocol family 2

[    1.207141] TCP established hash table entries: 8192 (order: 4, 65536 bytes)
[    1.208470] TCP bind hash table entries: 8192 (order: 5, 131072 bytes)
[    1.211004] TCP: Hashtaesongud stlied19bi 82)[  1236]DPastae trs:512 rder 216384 bytes)
[    2.293788] UDP-Lite hash table entries: 512 (order: 2, 16384 bytes)
[    2.294990] NET: Registered protocol family 1
[    2.295825] pci 0000:00:00.0: Limiting direct PCI/PCI transfers
[    2.296949] pci 0000:00:01.0: Activating ISA DMA hang workarounds
[    2.298079] pci 0000:00:02.0: Video device with shadowed ROM at [mem 0x000c0000-0x000dffff]
[    2.299650] Unpacking initramfs...
[    2.554707] Freeing initrd memory: 19836K
[    2.633962] clocksource: tsc: mask: 0xffffffffffffffff max_cycles: 0x1fd3b6211b4, max_idle_ns: 440795230313 ns
[    2.845386] platform rtc_cmos: registered platform RTC device (no PNP device found)
[    3.012553] Scanning for low memory corruption every 60 seconds
[    3.140175] Initialise system trusted keyrings
[    3.228245] Key type blacklist registered
[    3.304359] workingset: timestamp_bits=36 max_order=18 bucket_order=0
[    3.347121] zbud: loaded
[    3.348187] squashfs: version 4.0 (2009/01/31) Phillip Lougher
[    3.349861] fuse init (API version 7.26)
[    3.353636] Key type asymmetric registered
[    3.354609] Asymmetric key parser 'x509' registered
[    3.355763] Block layer SCSI generic (bsg) driver version 0.4 loaded (major 246)
[    3.357416] io scheduler noop registered
[    3.358273] io scheduler deadline registered
[    3.359239] io scheduler cfq registered (default)
[    3.360725] ACPI: AC Adapter [AC] (on-line)
[    3.361724] input: Power Button as /devices/LNXSYSTM:00/LNXPWRBN:00/input/input0
[    3.363390] ACPI: Power Button [PWRF]
[    3.364334] input: Sleep Button as /devices/LNXSYSTM:00/LNXSLPBN:00/input/input1
[    3.365914] ACPI: Sleep Button [SLPF]
[    3.367991] ACPI: Battery Slot [BAT0] (battery present)
[    3.369192] Serial: 8250/16550 driver, 32 ports, IRQ sharing enabled
[    3.393654] 00:02: ttyS0 at I/O 0x3f8 (irq = 4, base_baud = 115200) is a 16550A
[    3.553063] Linux agpgart interface v0.103
[    3.601777] loop: module loaded
[    3.654638] scsi host0: ata_piix
[    3.710330] scsi host1: ata_piix
[    3.781676] ata1: PATA max UDMA/33 cmd 0x1f0 ctl 0x3f6 bmdma 0xd000 irq 14
[    3.932336] ata2: PATA max UDMA/33 cmd 0x170 ctl 0x376 bmdma 0xd008 irq 15
[    4.069867] libphy: Fixed MDIO Bus: probed
[    4.145097] tun: Universal TUN/TAP device driver, 1.6
[    4.240247] PPP generic driver version 2.4.2
[    4.330287] ehci_hcd: USB 2.0 'Enhanced' Host Controller (EHCI) Driver
[    4.437293] ehci-pci: EHCI PCI platform driver
[    4.438317] ehci-platform: EHCI generic platform driver
[    4.439444] ohci_hcd: USB 1.1 'Open' Host Controller (OHCI) Driver
[    4.440919] ohci-pci: OHCI PCI platform driver
[    4.442011] ohci-platform: OHCI generic platform driver
[    4.443228] uhci_hcd: USB Universal Host Controller Interface driver
[    4.444727] i8042: PNP: PS/2 Controller [PNP0303:PS2K,PNP0f03:PS2M] at 0x60,0x64 irq 1,12
[    4.449213] serio: i8042 KBD port at 0x60,0x64 irq 1
[    4.450261] serio: i8042 AUX port at 0x60,0x64 irq 12
[    4.451512] mousedev: PS/2 mouse device common for all mice
[    4.453291] rtc_cmos rtc_cmos: rtc core: registered rtc_cmos as rtc0
[    4.454712] input: AT Translated Set 2 keyboard as /devices/platform/i8042/serio0/input/input2
[    4.456617] rtc_cmos rtc_cmos: alarms up to one day, 114 bytes nvram
[    4.461012] i2c /dev entries driver
[    4.461855] device-mapper: uevent: version 1.0.3
[    4.462946] device-mapper: ioctl: 4.37.0-ioctl (2017-09-20) initialised: dm-devel@redhat.com
[    4.464746] ledtrig-cpu: registered to indicate activity on CPUs
[    4.466489] NET: Registered protocol family 10
[    4.470663] Segment Routing with IPv6
[    4.471543] NET: Registered protocol family 17
[    4.472640] Key type dns_resolver registered
[    4.473807] mce: Using 0 MCE banks
[    4.474604] RAS: Correctable Errors collector initialized.
[    4.475762] sched_clock: Marking stable (4473785625, 0)->(10562527007, -6088741382)
[    4.477777] registered taskstats version 1
[    4.478566] Loading compiled-in X.509 certificates
[    4.481375] Loaded X.509 cert 'Build time autogenerated kernel key: 01a66adcc10ca4ce7676a3458c33483b0e2b806e'
[    4.483244] zswap: loaded using pool lzo/zbud
[    4.486915] Key type big_key registered
[    4.570007] Key type trusted registered
[    4.646284] Key type encrypted registered
[    4.702187] AppArmor: AppArmor sha1 policy hashing enabled
[    4.809893] ima: No TPM chip found, activating TPM-bypass! (rc=-19)
[    4.925671] ima: Allocated hash algorithm: sha1
[    5.005479] evm: HMAC attrs: 0x1
[    5.044697]   Magic number: 11:562:158
[    5.116564] rtc_cmos rtc_cmos: setting system clock to 2019-11-08 03:11:59 UTC (1573182719)
[    5.284907] BIOS EDD facility v0.16 2004-Jun-25, 0 devices found
[    5.364852] EDD information not available.
[    5.460516] Freeing unused kernel image memory: 2436K
[    5.532149] Write protecting the kernel read-only data: 20480k
[    5.534212] Freeing unused kernel image memory: 2008K
[    5.537014] Freeing unused kernel image memory: 1884K
[    5.543619] x86/mm: Checked W+X mappings: passed, no W+X pages found.
[    5.545434] x86/mm: Checking user space page tables
[    5.552111] x86/mm: Checked W+X mappings: passed, no W+X pages found.
Loading, please wait...
starting version 237
[    5.618689] Fusion MPT base driver 3.04.20
[    5.787754] Copyright (c) 1999-2008 LSI Corporation
[    5.792949] e1000: Intel(R) PRO/1000 Network Driver - version 7.3.21-k8-NAPI
[    5.799330] e1000: Copyright (c) 1999-2006 Intel Corporation.
[    5.804610] Fusion MPT SPI Host driver 3.04.20
[    5.808949] AVX2 version of gcm_enc/dec engaged.
[    5.811465] AES CTR mode by8 optimization enabled
[    5.814332] mptbase: ioc0: Initiating bringup
[    6.109758] input: ImExPS/2 Generic Explorer Mouse as /devices/platform/i8042/serio1/input/input4
[    6.838229] ioc0: LSI53C1030 A0: Capabilities={Initiator}
[    7.315074] scsi host2: ioc0: LSI53C1030 A0, FwRev=00000000h, Ports=1, MaxQ=256, IRQ=20
[    7.485807] scsi 2:0:0:0: Direct-Access     VBOX     HARDDISK         1.0  PQ: 0 ANSI: 5
[    7.844355] scsi target2:0:0: Beginning Domain Validation
[    7.872993] e1000 0000:00:03.0 eth0: (PCI:33MHz:32-bit) 02:19:d6:3c:94:c8
[    8.408967] e1000 0000:00:03.0 eth0: Intel(R) PRO/1000 Network Connection
[    8.838913] e1000 0000:00:03.0 enp0s3: renamed from eth0
[    8.840344] scsi target2:0:0: Domain Validation skipping write tests
[    8.841565] scsi target2:0:0: Ending Domain Validation
[    8.842557] scsi target2:0:0: asynchronous
[    8.843787] scsi 2:0:1:0: Direct-Access     VBOX     HARDDISK         1.0  PQ: 0 ANSI: 5
[    9.040155] scsi target2:0:1: Beginning Domain Validation
[    9.659347] random: fast init done
[   10.014227] scsi target2:0:1: Domain Validation skipping write tests
[   10.480141] scsi target2:0:1: Ending Domain Validation
[   11.250180] scsi target2:0:1: asynchronous
[   11.848171] random: systemd-udevd: uninitialized urandom read (16 bytes read)
[   12.404655] sd 2:0:0:0: Attached scsi generic sg0 type 0
[   12.468980] random: systemd-udevd: uninitialized urandom read (16 bytes read)
[   12.542226] sd 2:0:1:0: Attached scsi generic sg1 type 0
[   12.639595] random: systemd-udevd: uninitialized urandom read (16 bytes read)
[   12.660690] sd 2:0:0:0: [sda] 20971520 512-byte logical blocks: (10.7 GB/10.0 GiB)
[   12.662331] sd 2:0:1:0: [sdb] 20480 512-byte logical blocks: (10.5 MB/10.0 MiB)
[   12.664042] sd 2:0:0:0: [sda] Write Protect is off
[   12.799072] sd 2:0:1:0: [sdb] Write Protect is off
[   12.799161] sd 2:0:0:0: [sda] Incomplete mode parameter data
[   12.962068] sd 2:0:0:0: [sda] Assuming drive cache: write through
[   13.092761] sd 2:0:1:0: [sdb] Incomplete mode parameter data
[   13.160142] sd 2:0:1:0: [sdb] Assuming drive cache: write through
[   13.176026]  sda: sda1
[   13.178000] sd 2:0:0:0: [sda] Attached SCSI disk
[   13.179605] sd 2:0:1:0: [sdb] Attached SCSI disk
Begin: Loading essential drivers ... [   14.577987] raid6: sse2x1   gen() 14037 MB/s
[   14.698569] raid6: sse2x1   xor() 10236 MB/s
[   14.836494] raid6: sse2x2   gen() 16295 MB/s
[   14.956054] raid6: sse2x2   xor() 10954 MB/s
[   15.036083] raid6: sse2x4   gen() 12941 MB/s
[   15.108023] raid6: sse2x4   xor()  9328 MB/s
[   15.160211] raid6: avx2x1   gen() 22444 MB/s
[   15.308758] raid6: avx2x1   xor() 17969 MB/s
[   15.416026] raid6: avx2x2   gen() 28646 MB/s
[   15.577575] raid6: avx2x2   xor() 20870 MB/s
[   15.816482] raid6: avx2x4   gen() 37280 MB/s
[   15.948458] raid6: avx2x4   xor() 21718 MB/s
[   16.129762] raid6: using algorithm avx2x4 gen() 37280 MB/s
[   16.162670] raid6: .... xor() 21718 MB/s, rmw enabled
[   16.165292] raid6: using avx2x2 recovery algorithm
[   16.196530] xor: automatically using best checksumming function   avx       
[   16.213261] async_tx: api initialized (async)
done.
Begin: Running /scripts/init-premount ...[   16.280012] Btrfs loaded, crc32c=crc32c-intel
 done.
Begin: Mounting root file system ... Begin: Running /scripts/local-top ... done.
Begin: Running /scripts/local-premount ... Scanning for Btrfs filesyst[   16.391710] EXT4-fs (sda1): INFO: recovery required on readonly filesystem
ems
done.
Warning: fsck not pr[   16.463214] EXT4-fs (sda1): write access will be enabled during recovery
esent, so skipping root file system
[   16.595583] EXT4-fs (sda1): recovery complete
[   16.596882] EXT4-fs (sda1): mounted filesystem with ordered data mode. Opts: (null)
done.
Begin: Running /scripts/local-bottom ... done.
Begin: Running /scripts/init-bottom ... done.
[   16.941208] ip_tables: (C) 2000-2006 Netfilter Core Team
[   16.948987] systemd[1]: systemd 237 running in system mode. (+PAM +AUDIT +SELINUX +IMA +APPARMOR +SMACK +SYSVINIT +UTMP +LIBCRYPTSETUP +GCRYPT +GNUTLS +ACL +XZ +LZ4 +SECCOMP +BLKID +ELFUTILS +KMOD -IDN2 +IDN -PCRE2 default-hierarchy=hybrid)
[   16.970024] systemd[1]: Detected virtualization oracle.
[   16.971689] systemd[1]: Detected architecture x86-64.

Welcome to [1mUbuntu 18.04.3 LTS[0m!

[   16.980736] systemd[1]: Set hostname to <ubuntu-bionic>.
[   17.272285] systemd[1]: Created slice System Slice.
[[0;32m  OK  [0m] Created slice System Slice.
[   17.289421] systemd[1]: Created slice system-postgresql.slice.
[[0;32m  OK  [0m] Created slice system-postgresql.slice.
[   17.408687] systemd[1]: Listening on Network Service Netlink Socket.
[[0;32m  OK  [0m] Listening on Network Service Netlink Socket.
[   17.519425] systemd[1]: Set up automount Arbitrary Executable File Formats File System Automount Point.
[[0;32m  OK  [0m] Set up automount Arbitrary Executab…rmats File System Automount Point.
[   17.568999] systemd[1]: Listening on RPCbind Server Activation Socket.
[[0;32m  OK  [0m] Listening on RPCbind Server Activation Socket.
[   17.572287] systemd[1]: Started Forward Password Requests to Wall Directory Watch.
[[0;32m  OK  [0m] Started Forward Password Requests to Wall Directory Watch.
[[0;32m  OK  [0m] Created slice system-serial\x2dgetty.slice.
[[0;32m  OK  [0m] Listening on Journal Socket (/dev/log).
[[0;32m  OK  [0m] Reached target System Time Synchronized.
[[0;32m  OK  [0m] Created slice User and Session Slice.
[[0;32m  OK  [0m] Listening on Syslog Socket.
[[0;32m  OK  [0m] Reached target User and Group Name Lookups.
[[0;32m  OK  [0m] Listening on Journal Socket.
         Mounting RPC Pipe File System...
         Mounting NFSD configuration filesystem...
         Starting Set the console keyboard layout...
         Starting Uncomplicated firewall...
[[0;32m  OK  [0m] Listening on Device-mapper event daemon FIFOs.
[[0;32m  OK  [0m] Listening on LVM2 poll daemon socket.
         Mounting Kernel Debug File System...
[   17.640225] RPC: Registered named UNIX socket transport module.
[   17.729453] RPC: Registered udp transport module.
[   17.785869] RPC: Registered tcp transport module.
[   17.848380] RPC: Registered tcp NFSv4.1 backchannel transport module.
         Starting Load Kernel Modules...
[   17.947930] Loading iSCSI transport class v2.0-870.
[[0;32m  OK  [[   18.012720] random: crng init done
0m] Listening on[   18.044448] random: 7 urandom warning(s) missed due to ratelimiting
 udev Kernel Socket.
[[0;32m  OK  [0m] Listening on udev Control Socket.
[   18.066830] Installing knfsd (copyright (C) 1996 okir@monad.swb.de).
         Starting udev Coldplug all Devices...
[   18.079454] iscsi: registered transport (tcp)
         Mounting Huge Pages File System...
[   18.218049] iscsi: registered transport (iser)
[[0;32m  OK  [0m] Listening on Journal Audit Socket.
         Starting Journal Service...
         Starting Create list of required st…ce nodes for the current kernel...
[[0;32m  OK  [0m] Reached target Swap.
         Starting Remount Root and Kernel File Systems...
[[0;32m  OK  [0m] [   18.420858] EXT4-fs (sda1): re-mounted. Opts: (null)
Reached target Slices.
[[0;32m  OK  [0m] Listening on /dev/initctl Compatibility Named Pipe.
         Mounting POSIX Message Queue File System...
[[0;32m  OK  [0m] Listening on LVM2 metadata daemon socket.
         Starting Monitoring of LVM2 mirrors…ng dmeventd or progress polling...
[[0;32m  OK  [0m] Started Journal Service.
[[0;32m  OK  [0m] Mounted RPC Pipe File System.
[[0;32m  OK  [0m] Mounted NFSD configuration filesystem.
[[0;32m  OK  [0m] Started Set the console keyboard layout.
[[0;32m  OK  [0m] Started Uncomplicated firewall.
[[0;32m  OK  [0m] Mounted Kernel Debug File System.
[[0;32m  OK  [0m] Started Load Kernel Modules.
[[0;32m  OK  [0m] Mounted Huge Pages File System.
[[0;32m  OK  [0m] Started Create list of required sta…vice nodes for the current kernel.
[[0;32m  OK  [0m] Started Remount Root and Kernel File Systems.
[[0;32m  OK  [0m] Mounted POSIX Message Queue File System.
[[0;32m  OK  [0m] Started udev Coldplug all Devices.
[[0;32m  OK  [0m] Started LVM2 metadata daemon.
         Starting Load/Save Random Seed...
         Starting Create Static Device Nodes in /dev...
         Mounting FUSE Control File System...
         Mounting Kernel Configuration File System...
         Starting Apply Kernel Variables...
         Starting pNFS block layout mapping daemon...
         Starting Flush Journal to Persistent Storage...
[[0;32m  OK  [0m] Started Monitoring of LVM2 mirrors,…sing dmeventd or progress polling.
[[0;32m  OK  [0m] Started Load/Save Random Seed.
[[0;32m  OK  [0m] Started Create Static Device Nodes in /dev.
[[0;32m  OK  [0m] Mounted FUSE Control File System.
[[0;32m  OK  [0m] Mounted Kernel Configuration File System.
[[0;32m  OK  [0m] Started Apply Kernel Variables.
[[0;32m  OK  [0m] Started pNFS block layout mapping daemon.
         Starting udev Kernel Device Manager...
[[0;32m  OK  [0m] Reached target Local File Systems (Pre).
         Mounting Mount unit for heroku, revision 3848...
[[0;32m  OK  [0m] Reached target Local File Systems.
         Starting AppArmor initialization...
         Starting Preprocess NFS configuration...
         Starting ebtables ruleset management...
         Starting QEMU KVM preparation - module, ksm, hugepages...
         Starting Tell Plymouth To Write Out Runtime Data...
         Starting Set console font and keymap...
         Mounting Mount unit for heroku, revision 3832...
         Mounting Mount unit for core, revision 8039...
         Mounting Mount unit for core, revision 7917...
[[0;32m  OK  [0m] Started udev Kernel Device Manager.
[[0;32m  OK  [0m] Mounted Mount unit for heroku, revision 3848.
[[0;32m  OK  [0m] Started Preprocess NFS configuration.
[[0;32m  OK  [0m] Started Tell Plymouth To Write Out Runtime Data.
[[0;32m  OK  [0m] Started Set console font and keymap.
[[0;32m  OK  [0m] Started QEMU KVM preparation - module, ksm, hugepages.
[[0;32m  OK  [0m] Mounted Mount unit for heroku, revision 3832.
[[0;32m  OK  [0m] Mounted Mount unit for core, revision 8039.
[[0;32m  OK  [0m] Mounted Mount unit for core, revision 7917.
[[0;32m  OK  [0m] Started Flush Journal to Persistent Storage.
         Starting Create Volatile Files and Directories...
[[0;32m  OK  [0m] Reached target NFS client services.
         Starting NFSv4 ID-name mapping service...
[[0;32m  OK  [0m] Started Dispatch Password Requests to Console Directory Watch.
[[0;32m  OK  [0m] Reached target Local Encrypted Volumes.
[[0;32m  OK  [0m] Started ebtables ruleset management.
[[0;32m  OK  [0m] Started Create Volatile Files and Directories.
[[0;32m  OK  [0m] Started NFSv4 ID-name mapping service.
[[0;32m  OK  [0m] Started AppArmor initialization.
[[0;32m  OK  [0m] Found device /dev/ttyS0.
[[0;32m  OK  [0m] Listening on Load/Save RF Kill Switch Status /dev/rfkill Watch.
         Starting Update UTMP about System Boot/Shutdown...
         Starting Initial cloud-init job (pre-networking)...
         Starting RPC bind portmap service...
[[0;32m  OK  [0m] Started RPC bind portmap service.
[[0;32m  OK  [0m] Reached target RPC Port Mapper.
[[0;32m  OK  [0m] Started Update UTMP about System Boot/Shutdown.
[   21.610647] cloud-init[596]: Cloud-init v. 19.1-1-gbaa47854-0ubuntu1~18.04.1 running 'init-local' at Fri, 08 Nov 2019 03:12:15 +0000. Up 21.42 seconds.
[[0;32m  OK  [0m] Started Initial cloud-init job (pre-networking).
[[0;32m  OK  [0m] Reached target Network (Pre).
         Starting Network Service...
[[0;32m  OK  [0m] Started Network Service.
         Starting Network Name Resolution...
         Starting Wait for Network to be Configured...
[[0;32m  OK  [0m] Started Network Name Resolution.
[[0;32m  OK  [0m] Reached target Network.
         Starting NFS Mount Daemon...
[[0;32m  OK  [0m] Reached target Host and Network Name Lookups.
[[0;32m  OK  [0m] Started NFS Mount Daemon.
         Starting NFS server and services...
[[0;32m  OK  [0m] Started NFS server and services.
[[0;32m  OK  [0m] Started Wait for Network to be Configured.
         Starting Initial cloud-init job (metadata service crawler)...
[   23.818538] cloud-init[775]: Cloud-init v. 19.1-1-gbaa47854-0ubuntu1~18.04.1 running 'init' at Fri, 08 Nov 2019 03:12:18 +0000. Up 23.70 seconds.
[   23.870901] cloud-init[775]: ci-info: ++++++++++++++++++++++++++++++++++++++Net device info++++++++++++++++++++++++++++++++++++++
[   23.924189] cloud-init[775]: ci-info: +--------+------+----------------------------+---------------+--------+-------------------+
[[0;32m  OK  [0m] Started Initial cloud-init job (metadata service crawler).
[[0;32m  OK  [0m] Reached target Cloud-config availability.
[   24.003658] cloud-init[775]: ci-info: | Device |  Up  |          Address           |      Mask     | Scope  |     Hw-Address    |
[   24.140497] cloud-init[775]: ci-info: +--------+------+----------------------------+---------------+--------+-------------------+
[[0;32m  OK  [0m] Reached target Network is Online.
[   24.193651] cloud-init[775]: ci-info: | enp0s3 | True |         10.0.2.15          | 255.255.255.0 | global | 02:19:d6:3c:94:c8 |
[   24.247841] [[0;32m  OK  [0m] Reached target Remote File Systems (Pre).
[[0;32m  OK  [0m] Reached target Remote File Systems.
cloud-init[775]: ci-info: | enp0s3 | True | fe80::19:d6ff:fe3c:94c8/64 |       .       |  link  | 02:19:d6:3c:94:c8 |
         Starting Availability of block devices...
[   24.262632] cloud-init[775]: ci-info: |   lo   | True |         127.0.0.1          |   255.0.0.0   |  host  |         .         |[[0;32m  OK  [0m] Reached target System Initialization.
[[0;32m  OK  [0m
] [   24.268228] cloud-init[775]: ci-info: |   lo   | True |          ::1/128           |       .       |  host  |         .         |
[   24.268456] cloud-init[775]: ci-info: +--------+------+----------------------------+---------------+--------+-------------------+
[   24.268757] cloud-init[775]: ci-info: ++++++++++++++++++++++++++++Route IPv4 info+++++++++++++++++++++++++++++
[   24.269018] cloud-init[775]: ci-info: +-------+-------------+----------+-----------------+-----------+-------+
[   24.269648] cloud-init[775]: ci-info: | Route | Destination | Gateway  |     Genmask     | Interface | Flags |
[   24.270186] cloud-init[775]: ci-info: +-------+-------------+----------+-----------------+-----------+-------+
[   24.270469] cloud-init[775]: ci-info: |   0   |   0.0.0.0   | 10.0.2.2 |     0.0.0.0     |   enp0s3  |   UG  |
[   24.270782] cloud-init[775]: ci-info: |   1   |   10.0.2.0  | 0.0.0.0  |  255.255.255.0  |   enp0s3  |   U   |
[   24.271105] cloud-init[775]: ci-info: |   2   |   10.0.2.2  | 0.0.0.0  | 255.255.255.255 |   enp0s3  |   UH  |
[   24.271452] cloud-init[775]: ci-info: +-------+-------------+----------+-----------------+-----------+-------+
Started Daily Cleanup of Temporary Directories.
[   24.271813] cloud-init[775]: ci-info: +++++++++++++++++++Route IPv6 info+++++++++++++++++++
[   24.294775] cloud-init[775]: ci-info: +-------+-------------+---------+-----------+-------+
[   24.296232] cloud-init[775]: ci-info: | Route | Destination | Gateway | Interface | Flags |
[   24.297571] cloud-init[775]: ci-info: +-------+-------------+---------+-----------+-------+
[   24.298901] cloud-init[775]: ci-info: |   1   |  fe80::/64  |    ::   |   enp0s3  |   U   |
[   24.300407] cloud-init[775]: ci-info: |   3   |    local    |    ::   |   enp0s3  |   U   |
[   24.301727] cloud-init[775]: ci-info: |   4   |   ff00::/8  |    ::   |   enp0s3  |   U   |
[   24.303010] cloud-init[775]: ci-info: +-------+-------------+---------+-----------+-------+
         Starting LXD - unix socket.
[[0;32m  OK  [0m] Listening on D-Bus System Message Bus Socket.
[[0;32m  OK  [0m] Listening on UUID daemon activation socket.
[[0;32m  OK  [0m] Started ACPI Events Check.
[[0;32m  OK  [0m] Started Message of the Day.
[[0;32m  OK  [0m] Listening on Open-iSCSI iscsid Socket.
         Starting Socket activation for snappy daemon.
[[0;32m  OK  [0m] Started Daily apt download activities.
[[0;32m  OK  [0m] Started Daily apt upgrade and clean activities.
[[0;32m  OK  [0m] Reached target Paths.
[[0;32m  OK  [0m] Listening on ACPID Listen Socket.
[[0;32m  OK  [0m] Started Discard unused blocks once a week.
[[0;32m  OK  [0m] Reached target Timers.
[[0;32m  OK  [0m] Started Availability of block devices.
[[0;32m  OK  [0m] Listening on LXD - unix socket.
[[0;32m  OK  [0m] Listening on Socket activation for snappy daemon.
[[0;32m  OK  [0m] Reached target Sockets.
[[0;32m  OK  [0m] Reached target Basic System.
[[0;32m  OK  [0m] Started D-Bus System Message Bus.
[[0;32m  OK  [0m] Started irqbalance daemon.
         Starting Virtualbox guest utils...
         Starting LXD - container startup/shutdown...
         Starting Login Service...
         Starting PostgreSQL Cluster 10-main...
         Starting LSB: Record successful boot for GRUB...
         Starting LSB: automatic crash report generation...
         Starting Resets System Activity Data Collector...
         Starting Snappy daemon...
[[0;32m  OK  [0m] Started Regular background program processing daemon.
         Starting Message of the Day...
[[0;32m  OK  [0m] Started FUSE filesystem for LXC.
[[0;32m  OK  [0m] Started Deferred execution scheduler.
         Starting System Logging Service...
         Starting Accounts Service...
         Starting OpenBSD Secure Shell server...
         Starting Permit User Sessions...
         Starting Dispatcher daemon for systemd-networkd...
[[0;32m  OK  [0m] Started System Logging Service.
[[0;32m  OK  [0m] Started LXD - container startup/shutdown.
[[0;32m  OK  [0m] Started Resets System Activity Data Collector.
[[0;32m  OK  [0m] Started Permit User Sessions.
[[0;32m  OK  [0m] Started OpenBSD Secure Shell server.
[[0;32m  OK  [0m] Started Login Service.
         Starting Authorization Manager...
[[0;32m  OK  [0m] Started Unattended Upgrades Shutdown.
         Starting Hold until boot process finishes up...
         Starting Terminate Plymouth Boot Screen...
[[0;32m  OK  [0m] Started Dispatcher daemon for systemd-networkd.
[[0;32m  OK  [0m] Started Virtualbox guest utils.
[[0;32m  OK  [0m] Started LSB: Record successful boot for GRUB.
[[0;32m  OK  [0m] Started LSB: automatic crash report generation.
[[0;32m  OK  [0m] Started Hold until boot process finishes up.
[[0;32m  OK  [0m] Started Terminate Plymouth Boot Screen.
[[0;32m  OK  [0m] Started Authorization Manager.
[[0;32m  OK  [0m] Started Accounts Service.
[[0;32m  OK  [0m] Started Serial Getty on ttyS0.
         Starting Set console scheme...
[[0;32m  OK  [0m] Started Set console scheme.
[[0;32m  OK  [0m] Created slice system-getty.slice.
[[0;32m  OK  [0m] Started Getty on tty1.
[[0;32m  OK  [0m] Reached target Login Prompts.
[[0;32m  OK  [0m] Started Snappy daemon.
         Starting Wait until snapd is fully seeded...
[[0;32m  OK  [0m] Started Wait until snapd is fully seeded.
         Starting Apply the settings specified in cloud-config...
[   26.776650] cloud-init[1395]: Cloud-init v. 19.1-1-gbaa47854-0ubuntu1~18.04.1 running 'modules:config' at Fri, 08 Nov 2019 03:12:21 +0000. Up 26.65 seconds.
[[0;32m  OK  [0m] Started Apply the settings specified in cloud-config.
[[0;32m  OK  [0m] Started Message of the Day.
[[0;32m  OK  [0m] Started PostgreSQL Cluster 10-main.
         Starting PostgreSQL RDBMS...
[[0;32m  OK  [0m] Started PostgreSQL RDBMS.
[[0;32m  OK  [0m] Reached target Multi-User System.
         Starting Execute cloud user/final scripts...
[[0;32m  OK  [0m] Reached target Graphical Interface.
         Starting Update UTMP about System Runlevel Changes...
[[0;32m  OK  [0m] Started Update UTMP about System Runlevel Changes.
[[0;32m  OK  [0m] Created slice User Slice of vagrant.
         Starting User Manager for UID 1000...
[[0;32m  OK  [0m] Started Session 1 of user vagrant.
[[0;32m  OK  [0m] Started User Manager for UID 1000.
[   28.856969] cloud-init[1479]: Cloud-init v. 19.1-1-gbaa47854-0ubuntu1~18.04.1 running 'modules:final' at Fri, 08 Nov 2019 03:12:23 +0000. Up 28.70 seconds.
[   28.896181] cloud-init[1479]: Cloud-init v. 19.1-1-gbaa47854-0ubuntu1~18.04.1 finished at Fri, 08 Nov 2019 03:12:23 +0000. Datasource DataSourceNoCloud [seed=/dev/sdb][dsmode=net].  Up 28.85 seconds
[[0;32m  OK  [0m] Started Execute cloud user/final scripts.
         Starting Daily apt download activities...
[[0;32m  OK  [0m] Reached target Cloud-init target.

Ubuntu 18.04.3 LTS ubuntu-bionic ttyS0

ubuntu-bionic login: 